<?xml version="1.0" encoding="UTF-8"?>
<!-- Generated by org.testng.reporters.JUnitReportReporter -->
<testsuite hostname="WINAA5CD335LPJD" failures="0" tests="4" name="api.test.usertests" time="9.585" errors="0" timestamp="2024-04-29T10:29:11 IST" skipped="0">
  <testcase classname="api.test.usertests" name="testPostUser" time="3.756"/>
  <testcase classname="api.test.usertests" name="getUserByName" time="1.536"/>
  <testcase classname="api.test.usertests" name="updateUserByName" time="2.760"/>
  <testcase classname="api.test.usertests" name="testdeleteUserByName" time="1.533"/>
</testsuite> <!-- api.test.usertests -->
